[DEBUG] 2024-02-11 11:21:36.805 [main] Main - We've just greeted the user!
[INFO ] 2024-02-11 11:21:36.807 [main] Main - We've just greeted the user!
[WARN ] 2024-02-11 11:21:36.807 [main] Main - We've just greeted the user!
[ERROR] 2024-02-11 11:21:36.807 [main] Main - We've just greeted the user!
[FATAL] 2024-02-11 11:21:36.807 [main] Main - We've just greeted the user!
[DEBUG] 2024-02-11 12:11:22.455 [main] Main - We've just greeted the user!
[INFO ] 2024-02-11 12:11:22.457 [main] Main - We've just greeted the user!
[WARN ] 2024-02-11 12:11:22.457 [main] Main - We've just greeted the user!
[ERROR] 2024-02-11 12:11:22.457 [main] Main - We've just greeted the user!
[FATAL] 2024-02-11 12:11:22.457 [main] Main - We've just greeted the user!
[DEBUG] 2024-02-11 12:20:46.020 [main] Main - We've just greeted the user!
[INFO ] 2024-02-11 12:20:46.022 [main] Main - We've just greeted the user!
[WARN ] 2024-02-11 12:20:46.022 [main] Main - We've just greeted the user!
[ERROR] 2024-02-11 12:20:46.022 [main] Main - We've just greeted the user!
[FATAL] 2024-02-11 12:20:46.022 [main] Main - We've just greeted the user!
[DEBUG] 2024-02-12 15:19:53.582 [main] Main - We've just greeted the user!
[INFO ] 2024-02-12 15:19:53.584 [main] Main - We've just greeted the user!
[WARN ] 2024-02-12 15:19:53.584 [main] Main - We've just greeted the user!
[ERROR] 2024-02-12 15:19:53.584 [main] Main - We've just greeted the user!
[FATAL] 2024-02-12 15:19:53.584 [main] Main - We've just greeted the user!
[DEBUG] 2024-02-12 15:20:43.213 [main] Main - We've just greeted the user!
[INFO ] 2024-02-12 15:20:43.215 [main] Main - We've just greeted the user!
[WARN ] 2024-02-12 15:20:43.215 [main] Main - We've just greeted the user!
[ERROR] 2024-02-12 15:20:43.215 [main] Main - We've just greeted the user!
[FATAL] 2024-02-12 15:20:43.215 [main] Main - We've just greeted the user!
[DEBUG] 2024-02-12 15:21:05.197 [main] Main - We've just greeted the user!
[INFO ] 2024-02-12 15:21:05.199 [main] Main - We've just greeted the user!
[WARN ] 2024-02-12 15:21:05.200 [main] Main - We've just greeted the user!
[ERROR] 2024-02-12 15:21:05.200 [main] Main - We've just greeted the user!
[FATAL] 2024-02-12 15:21:05.200 [main] Main - GG
[DEBUG] 2024-02-12 15:38:57.988 [main] Main - We've just greeted the user!
[INFO ] 2024-02-12 15:38:57.988 [main] Main - We've just greeted the user!
[WARN ] 2024-02-12 15:38:57.989 [main] Main - We've just greeted the user!
[ERROR] 2024-02-12 15:38:57.989 [main] Main - We've just greeted the user!
[FATAL] 2024-02-12 15:38:57.989 [main] Main - GG
[DEBUG] 2024-02-12 15:42:34.690 [main] Main - We've just greeted the user!
[INFO ] 2024-02-12 15:42:34.690 [main] Main - We've just greeted the user!
[WARN ] 2024-02-12 15:42:34.690 [main] Main - We've just greeted the user!
[ERROR] 2024-02-12 15:42:34.690 [main] Main - We've just greeted the user!
[FATAL] 2024-02-12 15:42:34.690 [main] Main - GG
